<?xml version="1.0" encoding="UTF-8"?>
<!-- Generated by org.testng.reporters.JUnitXMLReporter -->
<testsuite ignored="0" hostname="MSI" failures="1" tests="4" name="Surefire test" time="34.394" errors="0" timestamp="2024-01-22T10:27:16 IST">
  <testcase classname="io.cucumber.testng.AbstractTestNGCucumberTests" name="runScenario" time="14.863"/>
  <testcase classname="io.cucumber.testng.AbstractTestNGCucumberTests" name="runScenario" time="13.889">
    <failure type="java.lang.AssertionError" message="expected [No data] but found [Beetroot]">
      <![CDATA[java.lang.AssertionError: expected [No data] but found [Beetroot]
at StepDefenitions.OfferPageStepDefinition.user_searched_for_same_shortname_in_offers_page_to_check_if_the_same_product_exists(OfferPageStepDefinition.java:32)
at ✽.User searched for same shortname Beet in offers page to check if the same product exists(file:///C:/Users/hadim/Documents/MyProjects/Automation_setup/src/test/java/features/web/SearchProduct.feature:8)
... Removed 6 stack frames]]>
    </failure>
  </testcase> <!-- runScenario -->
  <testcase classname="io.cucumber.testng.AbstractTestNGCucumberTests" name="runScenario" time="3.527"/>
  <testcase classname="io.cucumber.testng.AbstractTestNGCucumberTests" name="runScenario" time="1.455"/>
</testsuite> <!-- Surefire test -->
