<?xml version="1.0" encoding="UTF-8"?>
<!-- Generated by org.testng.reporters.JUnitReportReporter -->
<testsuite hostname="MSI" failures="1" tests="2" name="cucumberOptions.TestNGRunner" time="28.752" errors="0" timestamp="2024-01-22T10:27:16 IST" skipped="0">
  <testcase classname="cucumberOptions.TestNGRunner" name="runScenario" time="13.889">
    <failure message="expected [No data] but found [Beetroot]" type="java.lang.AssertionError">
      <![CDATA[java.lang.AssertionError: expected [No data] but found [Beetroot]
at org.testng.Assert.fail(Assert.java:111)
at org.testng.Assert.failNotEquals(Assert.java:1578)
at org.testng.Assert.assertEqualsImpl(Assert.java:150)
at org.testng.Assert.assertEquals(Assert.java:132)
at org.testng.Assert.assertEquals(Assert.java:656)
at org.testng.Assert.assertEquals(Assert.java:666)
at StepDefenitions.OfferPageStepDefinition.user_searched_for_same_shortname_in_offers_page_to_check_if_the_same_product_exists(OfferPageStepDefinition.java:32)
at ✽.User searched for same shortname Beet in offers page to check if the same product exists(file:///C:/Users/hadim/Documents/MyProjects/Automation_setup/src/test/java/features/web/SearchProduct.feature:8)
]]>
    </failure>
  </testcase> <!-- runScenario -->
  <testcase classname="cucumberOptions.TestNGRunner" name="runScenario" time="14.863"/>
</testsuite> <!-- cucumberOptions.TestNGRunner -->
